<?xml version="1.0" encoding="UTF-8"?>
<!-- Generated by org.testng.reporters.JUnitReportReporter -->
<testsuite skipped="0" hostname="NDL01181" name="TestRestSel" tests="1" failures="0" timestamp="2020-09-04T14:13:00 IST" time="12.454" errors="0">
  <testcase name="testBoth" time="12.454" classname="TestRestSel"/>
  <system-out/>
</testsuite> <!-- TestRestSel -->
